Flow report for full_sub_1bit
Thu Mar 12 11:58:28 2026
Quartus II 64-Bit Version 13.0.1 Build 232 06/12/2013 Service Pack 1 SJ Web Edition


---------------------
; Table of Contents ;
---------------------
  1. Legal Notice
  2. Flow Summary
  3. Flow Settings
  4. Flow Non-Default Global Settings
  5. Flow Elapsed Time
  6. Flow OS Summary
  7. Flow Log
  8. Flow Messages
  9. Flow Suppressed Messages



----------------
; Legal Notice ;
----------------
Copyright (C) 1991-2013 Altera Corporation
Your use of Altera Corporation's design tools, logic functions 
and other software and tools, and its AMPP partner logic 
functions, and any output files from any of the foregoing 
(including device programming or simulation files), and any 
associated documentation or information are expressly subject 
to the terms and conditions of the Altera Program License 
Subscription Agreement, Altera MegaCore Function License 
Agreement, or other applicable license agreement, including, 
without limitation, that your use is for the sole purpose of 
programming logic devices manufactured by Altera and sold by 
Altera or its authorized distributors.  Please refer to the 
applicable agreement for further details.



+-----------------------------------------------------------------------------+
; Flow Summary                                                                ;
+---------------------------+-------------------------------------------------+
; Flow Status               ; Successful - Thu Mar 12 11:58:10 2026           ;
; Quartus II 64-Bit Version ; 13.0.1 Build 232 06/12/2013 SP 1 SJ Web Edition ;
; Revision Name             ; full_sub_1bit                                   ;
; Top-level Entity Name     ; full_sub_1bit                                   ;
; Family                    ; MAX II                                          ;
; Device                    ; EPM1270T144C5                                   ;
; Timing Models             ; Final                                           ;
; Total logic elements      ; 2 / 1,270 ( < 1 % )                             ;
; Total pins                ; 5 / 116 ( 4 % )                                 ;
; Total virtual pins        ; 0                                               ;
; UFM blocks                ; 0 / 1 ( 0 % )                                   ;
+---------------------------+-------------------------------------------------+


+-----------------------------------------+
; Flow Settings                           ;
+-------------------+---------------------+
; Option            ; Setting             ;
+-------------------+---------------------+
; Start date & time ; 03/12/2026 11:57:34 ;
; Main task         ; Compilation         ;
; Revision Name     ; full_sub_1bit       ;
+-------------------+---------------------+


+-------------------------------------------------------------------------------------------------------------------+
; Flow Non-Default Global Settings                                                                                  ;
+---------------------------------------+--------------------------------+---------------+-------------+------------+
; Assignment Name                       ; Value                          ; Default Value ; Entity Name ; Section Id ;
+---------------------------------------+--------------------------------+---------------+-------------+------------+
; COMPILER_SIGNATURE_ID                 ; 62488682379324.177328785403268 ; --            ; --          ; --         ;
; MAX_CORE_JUNCTION_TEMP                ; 85                             ; --            ; --          ; --         ;
; MIN_CORE_JUNCTION_TEMP                ; 0                              ; --            ; --          ; --         ;
; POWER_EXT_SUPPLY_VOLTAGE_TO_REGULATOR ; 3.3V                           ; --            ; --          ; --         ;
; PROJECT_OUTPUT_DIRECTORY              ; output_files                   ; --            ; --          ; --         ;
+---------------------------------------+--------------------------------+---------------+-------------+------------+


+-------------------------------------------------------------------------------------------------------------------------------+
; Flow Elapsed Time                                                                                                             ;
+---------------------------+--------------+-------------------------+---------------------+------------------------------------+
; Module Name               ; Elapsed Time ; Average Processors Used ; Peak Virtual Memory ; Total CPU Time (on all processors) ;
+---------------------------+--------------+-------------------------+---------------------+------------------------------------+
; Analysis & Synthesis      ; 00:00:16     ; 1.0                     ; 4587 MB             ; 00:00:01                           ;
; Fitter                    ; 00:00:18     ; 1.0                     ; 4787 MB             ; 00:00:02                           ;
; Assembler                 ; 00:00:16     ; 1.0                     ; 4535 MB             ; 00:00:01                           ;
; TimeQuest Timing Analyzer ; 00:00:17     ; 1.0                     ; 4534 MB             ; 00:00:01                           ;
; Total                     ; 00:01:07     ; --                      ; --                  ; 00:00:05                           ;
+---------------------------+--------------+-------------------------+---------------------+------------------------------------+


+----------------------------------------------------------------------------------------+
; Flow OS Summary                                                                        ;
+---------------------------+------------------+-----------+------------+----------------+
; Module Name               ; Machine Hostname ; OS Name   ; OS Version ; Processor type ;
+---------------------------+------------------+-----------+------------+----------------+
; Analysis & Synthesis      ; tsengw           ; Windows 7 ; 6.2        ; x86_64         ;
; Fitter                    ; tsengw           ; Windows 7 ; 6.2        ; x86_64         ;
; Assembler                 ; tsengw           ; Windows 7 ; 6.2        ; x86_64         ;
; TimeQuest Timing Analyzer ; tsengw           ; Windows 7 ; 6.2        ; x86_64         ;
+---------------------------+------------------+-----------+------------+----------------+


------------
; Flow Log ;
------------
quartus_map --read_settings_files=on --write_settings_files=off full_sub_1bit -c full_sub_1bit
quartus_fit --read_settings_files=off --write_settings_files=off full_sub_1bit -c full_sub_1bit
quartus_asm --read_settings_files=off --write_settings_files=off full_sub_1bit -c full_sub_1bit
quartus_sta full_sub_1bit -c full_sub_1bit



